<?xml version="1.0" encoding="UTF-8"?>
<!-- Generated by org.testng.reporters.JUnitReportReporter -->
<testsuite skipped="1" hostname="BOS-LAP-MDRASUL" name="com.americanwell.autotest_web.techCheck.WebTechCheck_Test" tests="4" failures="0" timestamp="28 Jul 2020 18:35:56 GMT" time="108.169" errors="0">
  <testcase name="webTectCheckMicTest" time="11.969" classname="com.americanwell.autotest_web.techCheck.WebTechCheck_Test"/>
  <testcase name="webTectCheckInternetTest" time="84.780" classname="com.americanwell.autotest_web.techCheck.WebTechCheck_Test"/>
  <testcase name="webTectCheckSpeakerTest" time="11.420" classname="com.americanwell.autotest_web.techCheck.WebTechCheck_Test"/>
  <testcase name="fullTestonAllDevice" classname="com.americanwell.autotest_web.techCheck.WebTechCheck_Test">
    <skipped/>
  </testcase> <!-- fullTestonAllDevice -->
</testsuite> <!-- com.americanwell.autotest_web.techCheck.WebTechCheck_Test -->
