<?xml version="1.0" encoding="UTF-8"?>
<!-- Generated by org.testng.reporters.JUnitReportReporter -->
<testsuite skipped="6" hostname="BOS-LAP-MDRASUL" name="com.americanwell.autotest_web.techCheck.WebTechCheck_Test" tests="12" failures="0" timestamp="09 Sep 2020 14:43:37 GMT" time="55.689" errors="0">
  <testcase name="webTectCheckMicNagativeTroubleshootFlowTest" time="12.371" classname="com.americanwell.autotest_web.techCheck.WebTechCheck_Test"/>
  <testcase name="webTectCheckSpeakerNagativeFlowTest" time="8.654" classname="com.americanwell.autotest_web.techCheck.WebTechCheck_Test"/>
  <testcase name="webTectCheckMicNagativeFlowTest" time="8.354" classname="com.americanwell.autotest_web.techCheck.WebTechCheck_Test"/>
  <testcase name="webTectCheckSpeakerNagativeTroubleshootFlowTest" time="11.334" classname="com.americanwell.autotest_web.techCheck.WebTechCheck_Test"/>
  <testcase name="webTectCheckCameraNagativeTroubleshootFlowTest" time="8.520" classname="com.americanwell.autotest_web.techCheck.WebTechCheck_Test"/>
  <testcase name="webTectCheckCameraNagativeFlowTestw" time="6.456" classname="com.americanwell.autotest_web.techCheck.WebTechCheck_Test"/>
  <testcase name="webTectCheckVideoCameraTest" classname="com.americanwell.autotest_web.techCheck.WebTechCheck_Test">
    <skipped/>
  </testcase> <!-- webTectCheckVideoCameraTest -->
  <testcase name="webTectCheckInternetTest" classname="com.americanwell.autotest_web.techCheck.WebTechCheck_Test">
    <skipped/>
  </testcase> <!-- webTectCheckInternetTest -->
  <testcase name="webTectCheckTrobleshootingTipsTest" classname="com.americanwell.autotest_web.techCheck.WebTechCheck_Test">
    <skipped/>
  </testcase> <!-- webTectCheckTrobleshootingTipsTest -->
  <testcase name="webTectCheckSpeakerTest" classname="com.americanwell.autotest_web.techCheck.WebTechCheck_Test">
    <skipped/>
  </testcase> <!-- webTectCheckSpeakerTest -->
  <testcase name="fullTestonAllDevice" classname="com.americanwell.autotest_web.techCheck.WebTechCheck_Test">
    <skipped/>
  </testcase> <!-- fullTestonAllDevice -->
  <testcase name="webTectCheckMicTest" classname="com.americanwell.autotest_web.techCheck.WebTechCheck_Test">
    <skipped/>
  </testcase> <!-- webTectCheckMicTest -->
</testsuite> <!-- com.americanwell.autotest_web.techCheck.WebTechCheck_Test -->
